
> web@1.0.0 build
> next build

▲ Next.js 16.2.6 (Turbopack)
- Environments: .env

  Creating an optimized production build ...
✓ Compiled successfully in 4.2s
  Running TypeScript ...
  Finished TypeScript in 3.4s ...
  Collecting page data using 8 workers ...
  Generating static pages using 8 workers (0/5) ...
  Generating static pages using 8 workers (1/5) 
  Generating static pages using 8 workers (2/5) 
  Generating static pages using 8 workers (3/5) 
✓ Generating static pages using 8 workers (5/5) in 769ms
  Finalizing page optimization ...

Route (app)
┌ ○ /
├ ○ /_not-found
├ ƒ /assignments/[id]/generating
├ ƒ /assignments/[id]/paper
├ ○ /assignments/new
└ ○ /assignments/new/generating


○  (Static)   prerendered as static content
ƒ  (Dynamic)  server-rendered on demand

